\BOOKMARK [0][-]{chapter.1}{\376\377\004\020\004\075\004\060\004\102\004\076\004\074\004\070\004\117\000\040\004\076\004\077\004\065\004\100\004\060\004\106\004\070\004\076\004\075\004\075\004\076\004\071\000\040\004\101\004\070\004\101\004\102\004\065\004\074\004\113}{}% 1
\BOOKMARK [1][-]{section.1.1}{\376\377\004\057\004\064\004\100\004\076}{chapter.1}% 2
\BOOKMARK [1][-]{section.1.2}{\376\377\004\041\004\070\004\101\004\102\004\065\004\074\004\075\004\113\004\065\000\040\004\061\004\070\004\061\004\073\004\070\004\076\004\102\004\065\004\072\004\070}{chapter.1}% 3
\BOOKMARK [1][-]{section.1.3}{\376\377\004\041\004\070\004\101\004\102\004\065\004\074\004\075\004\113\004\065\000\040\004\070\004\075\004\101\004\102\004\100\004\103\004\074\004\065\004\075\004\102\004\113}{chapter.1}% 4
\BOOKMARK [1][-]{section.1.4}{\376\377\004\041\004\100\004\065\004\064\004\101\004\102\004\062\004\060\000\040\004\100\004\060\004\067\004\100\004\060\004\061\004\076\004\102\004\072\004\070}{chapter.1}% 5
\BOOKMARK [1][-]{section.1.5}{\376\377\004\030\004\075\004\101\004\102\004\100\004\103\004\074\004\065\004\075\004\102\004\113\000,\000\040\004\077\004\100\004\065\004\064\004\076\004\101\004\102\004\060\004\062\004\073\004\117\004\065\004\074\004\113\004\065\000\040\004\072\004\076\004\075\004\065\004\107\004\075\004\076\004\074\004\103\000\040\004\077\004\076\004\073\004\114\004\067\004\076\004\062\004\060\004\102\004\065\004\073\004\116}{chapter.1}% 6
\BOOKMARK [1][-]{section.1.6}{\376\377\004\045\004\076\004\100\004\076\004\110\004\076\000,\000\040\004\107\004\102\004\076\000\040\004\102\004\060\004\072\004\076\004\065\000\040\004\115\004\102\004\076\004\102\000\040\000G\000N\000U\000?}{chapter.1}% 7
\BOOKMARK [1][-]{section.1.7}{\376\377\000L\000i\000n\000u\000x\000\040\004\062\000\040\004\072\004\060\004\107\004\065\004\101\004\102\004\062\004\065\000\040\004\117\004\064\004\100\004\060\000\040\004\076\004\077\004\065\004\100\004\060\004\106\004\070\004\076\004\075\004\075\004\076\004\071\000\040\004\101\004\070\004\101\004\102\004\065\004\074\004\113}{chapter.1}% 8
\BOOKMARK [1][-]{section.1.8}{\376\377\004\036\004\077\004\065\004\100\004\060\004\106\004\070\004\076\004\075\004\075\004\113\004\065\000\040\004\101\004\070\004\101\004\102\004\065\004\074\004\113\000\040\000L\000i\000n\000u\000x\000:\000\040\004\064\004\070\004\101\004\102\004\100\004\070\004\061\004\103\004\102\004\070\004\062\004\113}{chapter.1}% 9
\BOOKMARK [1][-]{section.1.9}{\376\377\004\047\004\102\004\076\000\040\004\102\004\060\004\072\004\076\004\065\000\040\004\064\004\070\004\101\004\102\004\100\004\070\004\061\004\103\004\102\004\070\004\062\000?}{chapter.1}% 10
\BOOKMARK [1][-]{section.1.10}{\376\377\004\047\004\102\004\076\000\040\004\076\004\061\004\065\004\101\004\077\004\065\004\107\004\070\004\062\004\060\004\065\004\102\000\040\004\064\004\070\004\101\004\102\004\100\004\070\004\061\004\103\004\102\004\070\004\062\000?}{chapter.1}% 11
\BOOKMARK [1][-]{section.1.11}{\376\377\004\047\004\102\004\076\000\040\004\102\004\060\004\072\004\076\004\065\000\040\004\060\004\100\004\105\004\070\004\102\004\065\004\072\004\102\004\103\004\100\004\060\000?}{chapter.1}% 12
\BOOKMARK [1][-]{section.1.12}{\376\377\004\034\004\070\004\104\004\113\000,\000\040\004\076\004\072\004\100\004\103\004\066\004\060\004\116\004\111\004\070\004\065\000\040\000L\000i\000n\000u\000x}{chapter.1}% 13
\BOOKMARK [2][-]{subsection.1.12.1}{\376\377\000L\000i\000n\000u\000x\000\040\004\102\004\100\004\103\004\064\004\075\004\076\000\040\004\103\004\101\004\102\004\060\004\075\004\076\004\062\004\070\004\102\004\114}{section.1.12}% 14
\BOOKMARK [2][-]{subsection.1.12.2}{\376\377\004\024\004\073\004\117\000\040\000L\000i\000n\000u\000x\000\040\004\075\004\065\004\102\000\040\004\077\004\076\004\064\004\064\004\065\004\100\004\066\004\072\004\070\000\040}{section.1.12}% 15
\BOOKMARK [2][-]{subsection.1.12.3}{\376\377\000L\000i\000n\000u\000x\000\040\000-\000\040\004\101\004\062\004\076\004\061\004\076\004\064\004\075\004\076\004\065\000\040\004\077\004\100\004\076\004\063\004\100\004\060\004\074\004\074\004\075\004\076\004\065\000\040\004\076\004\061\004\065\004\101\004\077\004\065\004\107\004\065\004\075\004\070\004\065\000,\000\040\004\102\004\060\004\072\004\070\004\074\000\040\004\076\004\061\004\100\004\060\004\067\004\076\004\074\000,\000\040\004\064\004\113\004\100\004\113\000\040\004\062\000\040\004\101\004\070\004\101\004\102\004\065\004\074\004\065\000\040\004\061\004\065\004\067\004\076\004\077\004\060\004\101\004\075\004\076\004\101\004\102\004\070\000\040\004\075\004\060\004\105\004\076\004\064\004\117\004\102\004\101\004\117\000\040\004\073\004\065\004\063\004\072\004\076}{section.1.12}% 16
\BOOKMARK [2][-]{subsection.1.12.4}{\376\377\000L\000i\000n\000u\000x\000\040\004\075\004\065\000\040\004\070\004\074\004\065\004\065\004\102\000\040\004\063\004\100\004\060\004\104\004\070\004\072\004\103}{section.1.12}% 17
\BOOKMARK [2][-]{subsection.1.12.5}{\376\377\004\057\000\040\004\075\004\065\000\040\004\074\004\076\004\063\004\103\000\040\004\067\004\060\004\077\004\103\004\101\004\102\004\070\004\102\004\114\000\040\004\101\004\062\004\076\004\116\000\040\004\077\004\100\004\076\004\063\004\100\004\060\004\074\004\074\004\103\000\040\004\062\000\040\000L\000i\000n\000u\000x}{section.1.12}% 18
\BOOKMARK [2][-]{subsection.1.12.6}{\376\377\000L\000i\000n\000u\000x\000\040\004\061\004\065\004\067\004\076\004\077\004\060\004\101\004\065\004\075}{section.1.12}% 19
\BOOKMARK [2][-]{subsection.1.12.7}{\376\377\000L\000i\000n\000u\000x\000\040\004\101\004\073\004\070\004\110\004\072\004\076\004\074\000\040\004\104\004\100\004\060\004\063\004\074\004\065\004\075\004\102\004\070\004\100\004\076\004\062\004\060\004\075\000,\000\040\004\107\004\102\004\076\004\061\004\113\000\040\004\072\004\076\004\063\004\064\004\060\000-\004\073\004\070\004\061\004\076\000\040\004\101\004\102\004\060\004\102\004\114\000\040\004\061\004\076\004\073\004\065\004\065\000\040\004\072\004\100\004\103\004\077\004\075\004\113\004\074\000\040\004\070\004\063\004\100\004\076\004\072\004\076\004\074}{section.1.12}% 20
\BOOKMARK [2][-]{subsection.1.12.8}{\376\377\000L\000i\000n\000u\000x\000\040\000-\000\040\004\060\004\073\004\114\004\102\004\065\004\100\004\075\004\060\004\102\004\070\004\062\004\060\000\040\000M\000i\000c\000r\000o\000s\000o\000f\000t\000\040\000W\000i\000n\000d\000o\000w\000s}{section.1.12}% 21
\BOOKMARK [2][-]{subsection.1.12.9}{\376\377\000L\000i\000n\000u\000x\000\040\040\024\000\040\004\115\004\102\004\076\000\040\004\077\004\100\004\076\004\102\004\070\004\062\004\076\004\062\004\065\004\101\000\040\000M\000i\000c\000r\000o\000s\000o\000f\000t}{section.1.12}% 22
\BOOKMARK [2][-]{subsection.1.12.10}{\376\377\004\041\004\073\004\060\004\061\004\113\004\065\000\040\004\074\004\065\004\101\004\102\004\060}{section.1.12}% 23
\BOOKMARK [1][-]{section.1.13}{\376\377\004\043\004\077\004\100\004\060\004\066\004\075\004\065\004\075\004\070\004\117}{chapter.1}% 24
\BOOKMARK [0][-]{chapter.2}{\376\377\004\032\004\060\004\072\000\040\004\041\004\062\004\076\004\061\004\076\004\064\004\075\004\076\004\065\000\040\004\077\004\100\004\076\004\063\004\100\004\060\004\074\004\074\004\075\004\076\004\065\000\040\004\076\004\061\004\065\004\101\004\077\004\065\004\107\004\065\004\075\004\070\004\065\000\040\004\062\004\073\004\070\004\117\004\065\004\102\000\040\004\075\004\060\000\040\000L\000i\000n\000u\000x\000?}{}% 25
\BOOKMARK [1][-]{section.2.1}{\376\377\004\041\004\062\004\076\004\061\004\076\004\064\004\075\004\076\004\065\000\040\004\077\004\100\004\076\004\063\004\100\004\060\004\074\004\074\004\075\004\076\004\065\000\040\004\076\004\061\004\065\004\101\004\077\004\065\004\107\004\065\004\075\004\070\004\065}{chapter.2}% 26
\BOOKMARK [1][-]{section.2.2}{\376\377\004\047\004\102\004\076\000\040\004\102\004\060\004\072\004\076\004\065\000\040\004\073\004\070\004\106\004\065\004\075\004\067\004\070\004\070\000\040\004\075\004\060\000\040\004\077\004\100\004\076\004\063\004\100\004\060\004\074\004\074\004\075\004\076\004\065\000\040\004\076\004\061\004\065\004\101\004\077\004\065\004\107\004\065\004\075\004\070\004\065\000?}{chapter.2}% 27
\BOOKMARK [1][-]{section.2.3}{\376\377\004\032\004\060\004\072\004\070\004\065\000\040\004\101\004\103\004\111\004\065\004\101\004\102\004\062\004\103\004\116\004\102\000\040\004\073\004\070\004\106\004\065\004\075\004\067\004\070\004\070\000?}{chapter.2}% 28
\BOOKMARK [2][-]{subsection.2.3.1}{\376\377\000P\000u\000b\000l\000i\000c\000\040\000D\000o\000m\000a\000i\000n\000\040\000\050\004\036\004\061\004\111\004\065\004\101\004\102\004\062\004\065\004\075\004\075\004\076\004\065\000\040\004\064\004\076\004\101\004\102\004\076\004\117\004\075\004\070\004\065\000\051}{section.2.3}% 29
\BOOKMARK [2][-]{subsection.2.3.2}{\376\377\004\033\004\070\004\106\004\065\004\075\004\067\004\070\004\117\000\040\000M\000I\000T\000\040\004\070\000\040\004\075\004\065\004\072\004\076\004\102\004\076\004\100\004\113\004\065\000\040\004\077\004\076\004\064\004\076\004\061\004\075\004\113\004\065\000\040\004\073\004\070\004\106\004\065\004\075\004\067\004\070\004\070\000\040\000B\000S\000D}{section.2.3}% 30
\BOOKMARK [2][-]{subsection.2.3.3}{\376\377\000G\000P\000L}{section.2.3}% 31
\BOOKMARK [1][-]{section.2.4}{\376\377\004\033\004\070\004\106\004\065\004\075\004\067\004\070\004\070\000,\000\040\004\103\004\102\004\062\004\065\004\100\004\066\004\064\004\121\004\075\004\075\004\113\004\065\000\040\000O\000S\000I}{chapter.2}% 32
\BOOKMARK [1][-]{section.2.5}{\376\377\004\033\004\070\004\106\004\065\004\075\004\067\004\070\004\070\000,\000\040\004\103\004\102\004\062\004\065\004\100\004\066\004\064\004\121\004\075\004\075\004\113\004\065\000\040\000F\000S\000F}{chapter.2}% 33
\BOOKMARK [1][-]{section.2.6}{\376\377\004\041\004\062\004\076\004\061\004\076\004\064\004\075\004\076\004\065\000\040\004\077\004\100\004\076\004\063\004\100\004\060\004\074\004\074\004\075\004\076\004\065\000\040\004\076\004\061\004\065\004\101\004\077\004\065\004\107\004\065\004\075\004\070\004\065\000\040\004\075\004\065\000\040\004\117\004\062\004\073\004\117\004\065\004\102\004\101\004\117\000\040\004\075\004\065\004\072\004\076\004\074\004\074\004\065\004\100\004\107\004\065\004\101\004\072\004\070\004\074}{chapter.2}% 34
\BOOKMARK [1][-]{section.2.7}{\376\377\004\042\004\060\004\072\004\070\004\074\000\040\004\076\004\061\004\100\004\060\004\067\004\076\004\074\000,\000\040\000L\000i\000n\000u\000x\000\040\004\101\004\062\004\076\004\061\004\076\004\064\004\065\004\075\000?}{chapter.2}% 35
\BOOKMARK [1][-]{section.2.8}{\376\377\004\034\004\076\004\064\004\065\004\073\004\114\000\040\004\100\004\060\004\067\004\100\004\060\004\061\004\076\004\102\004\072\004\070}{chapter.2}% 36
\BOOKMARK [2][-]{subsection.2.8.1}{\376\377\004\034\004\075\004\076\004\063\004\076\004\077\004\100\004\076\004\065\004\072\004\102\004\075\004\060\004\117\000\040\004\100\004\060\004\067\004\100\004\060\004\061\004\076\004\102\004\072\004\060}{section.2.8}% 37
\BOOKMARK [2][-]{subsection.2.8.2}{\376\377\004\037\004\100\004\076\004\067\004\100\004\060\004\107\004\075\004\060\004\117\000\040\004\100\004\060\004\067\004\100\004\060\004\061\004\076\004\102\004\072\004\060}{section.2.8}% 38
\BOOKMARK [2][-]{subsection.2.8.3}{\376\377\004\046\004\070\004\072\004\073\004\113\000\040\004\061\004\113\004\101\004\102\004\100\004\113\004\105\000\040\004\062\004\113\004\077\004\103\004\101\004\072\004\076\004\062}{section.2.8}% 39
\BOOKMARK [1][-]{section.2.9}{\376\377\004\021\004\076\004\073\004\114\004\110\004\060\004\117\000\040\004\064\004\076\004\072\004\103\004\074\004\065\004\075\004\102\004\060\004\106\004\070\004\076\004\075\004\075\004\060\004\117\000\040\004\061\004\060\004\067\004\060}{chapter.2}% 40
\BOOKMARK [1][-]{section.2.10}{\376\377\004\026\004\070\004\067\004\075\004\065\004\075\004\075\004\113\004\071\000\040\004\106\004\070\004\072\004\073\000\040\004\037\004\036}{chapter.2}% 41
\BOOKMARK [1][-]{section.2.11}{\376\377\004\036\004\102\004\072\004\100\004\113\004\102\004\113\004\065\000\040\004\101\004\102\004\060\004\075\004\064\004\060\004\100\004\102\004\113}{chapter.2}% 42
\BOOKMARK [1][-]{section.2.12}{\376\377\004\041\004\102\004\060\004\075\004\064\004\060\004\100\004\102\000\040\004\070\004\065\004\100\004\060\004\100\004\105\004\070\004\070\000\040\004\104\004\060\004\071\004\073\004\076\004\062\004\076\004\071\000\040\004\101\004\070\004\101\004\102\004\065\004\074\004\113\000\040\000\050\000F\000H\000S\000\051}{chapter.2}% 43
\BOOKMARK [1][-]{section.2.13}{\376\377\000L\000i\000n\000u\000x\000\040\000S\000t\000a\000n\000d\000a\000r\000d\000\040\000B\000a\000s\000e}{chapter.2}% 44
\BOOKMARK [1][-]{section.2.14}{\376\377\004\041\004\077\004\065\004\106\004\070\004\104\004\070\004\072\004\060\004\106\004\070\004\070\000\040\000F\000r\000e\000e\000\040\000D\000e\000s\000k\000t\000o\000p}{chapter.2}% 45
\BOOKMARK [1][-]{section.2.15}{\376\377\004\043\004\077\004\100\004\060\004\066\004\075\004\065\004\075\004\070\004\117}{chapter.2}% 46
\BOOKMARK [0][-]{chapter.3}{\376\377\004\040\004\076\004\073\004\114\000\040\004\101\004\076\004\076\004\061\004\111\004\065\004\101\004\102\004\062\004\060}{}% 47
\BOOKMARK [1][-]{section.3.1}{\376\377\004\041\004\076\004\076\004\061\004\111\004\065\004\101\004\102\004\062\004\060}{chapter.3}% 48
\BOOKMARK [1][-]{section.3.2}{\376\377\004\034\004\065\004\101\004\102\004\075\004\113\004\065\000\040\004\101\004\076\004\076\004\061\004\111\004\065\004\101\004\102\004\062\004\060}{chapter.3}% 49
\BOOKMARK [1][-]{section.3.3}{\376\377\004\041\004\076\004\076\004\061\004\111\004\065\004\101\004\102\004\062\004\060\000\040\004\062\000\040\004\101\004\065\004\102\004\070}{chapter.3}% 50
\BOOKMARK [1][-]{section.3.4}{\376\377\004\037\004\076\004\064\004\064\004\065\004\100\004\066\004\072\004\060}{chapter.3}% 51
\BOOKMARK [1][-]{section.3.5}{\376\377\004\041\004\077\004\100\004\060\004\062\004\076\004\107\004\075\004\070\004\072\004\070\000\040\004\077\004\076\000\040\004\064\004\076\004\072\004\103\004\074\004\065\004\075\004\102\004\060\004\106\004\070\004\070}{chapter.3}% 52
\BOOKMARK [1][-]{section.3.6}{\376\377\004\030\004\075\004\102\004\065\004\100\004\075\004\065\004\102\000\040\004\070\000\040\004\104\004\076\004\100\004\103\004\074\004\113\000\040\000U\000s\000e\000n\000e\000t}{chapter.3}% 53
\BOOKMARK [1][-]{section.3.7}{\376\377\004\041\004\077\004\070\004\101\004\072\004\070\000\040\004\100\004\060\004\101\004\101\004\113\004\073\004\076\004\072}{chapter.3}% 54
\BOOKMARK [1][-]{section.3.8}{\376\377\004\047\004\060\004\102}{chapter.3}% 55
\BOOKMARK [1][-]{section.3.9}{\376\377\004\022\004\101\004\102\004\100\004\065\004\107\004\070\000\040\004\062\000\040\004\100\004\065\004\060\004\073\004\114\004\075\004\076\004\071\000\040\004\066\004\070\004\067\004\075\004\070}{chapter.3}% 56
\BOOKMARK [1][-]{section.3.10}{\376\377\004\032\004\076\004\075\004\104\004\065\004\100\004\065\004\075\004\106\004\070\004\070}{chapter.3}% 57
\BOOKMARK [2][-]{subsection.3.10.1}{\376\377\000F\000O\000S\000D\000E\000M}{section.3.10}% 58
\BOOKMARK [2][-]{subsection.3.10.2}{\376\377\000F\000O\000S\000S\000.\000I\000N}{section.3.10}% 59
\BOOKMARK [2][-]{subsection.3.10.3}{\376\377\000L\000i\000n\000u\000x\000T\000a\000g}{section.3.10}% 60
\BOOKMARK [1][-]{section.3.11}{\376\377\004\043\004\077\004\100\004\060\004\066\004\075\004\065\004\075\004\070\004\117}{chapter.3}% 61
\BOOKMARK [0][-]{chapter.4}{\376\377\004\027\004\060\004\077\004\103\004\101\004\072\000\040\000L\000i\000n\000u\000x}{}% 62
\BOOKMARK [1][-]{section.4.1}{\376\377\004\020\004\100\004\105\004\070\004\102\004\065\004\072\004\102\004\103\004\100\004\060\000\040\004\101\004\070\004\101\004\102\004\065\004\074\004\113}{chapter.4}% 63
\BOOKMARK [1][-]{section.4.2}{\376\377\004\043\004\107\004\121\004\102\004\075\004\113\004\065\000\040\004\067\004\060\004\077\004\070\004\101\004\070\000\040\004\077\004\076\004\073\004\114\004\067\004\076\004\062\004\060\004\102\004\065\004\073\004\065\004\071}{chapter.4}% 64
\BOOKMARK [2][-]{subsection.4.2.1}{\376\377\004\022\004\060\004\066\004\075\004\076\004\065\000\040\004\077\004\100\004\070\004\074\004\065\004\107\004\060\004\075\004\070\004\065}{section.4.2}% 65
\BOOKMARK [1][-]{section.4.3}{\376\377\004\037\004\100\004\076\004\106\004\065\004\101\004\101\004\113}{chapter.4}% 66
\BOOKMARK [2][-]{subsection.4.3.1}{\376\377\004\037\004\100\004\070\004\074\004\065\004\107\004\060\004\075\004\070\004\065}{section.4.3}% 67
\BOOKMARK [1][-]{section.4.4}{\376\377\004\044\004\060\004\071\004\073\004\113\000\040\004\070\000\040\004\104\004\060\004\071\004\073\004\076\004\062\004\060\004\117\000\040\004\101\004\102\004\100\004\103\004\072\004\102\004\103\004\100\004\060}{chapter.4}% 68
\BOOKMARK [1][-]{section.4.5}{\376\377\004\040\004\060\004\067\004\100\004\065\004\110\004\065\004\075\004\070\004\117}{chapter.4}% 69
\BOOKMARK [1][-]{section.4.6}{\376\377\004\030\004\101\004\077\004\076\004\073\004\114\004\067\004\076\004\062\004\060\004\075\004\070\004\065\000\040\004\072\004\076\004\074\004\060\004\075\004\064\004\075\004\076\004\071\000\040\004\101\004\102\004\100\004\076\004\072\004\070}{chapter.4}% 70
\BOOKMARK [1][-]{section.4.7}{\376\377\004\036\004\100\004\070\004\065\004\075\004\102\004\070\004\100\004\076\004\062\004\060\004\075\004\070\004\065\000\040\004\062\000\040\004\101\004\070\004\101\004\102\004\065\004\074\004\065}{chapter.4}% 71
\BOOKMARK [1][-]{section.4.8}{\376\377\004\037\004\100\004\076\004\101\004\074\004\076\004\102\004\100\000\040\004\064\004\060\004\075\004\075\004\113\004\105}{chapter.4}% 72
\BOOKMARK [1][-]{section.4.9}{\376\377\004\020\004\075\004\060\004\073\004\070\004\067\000\040\004\062\004\113\004\062\004\076\004\064\004\060\000\040\004\072\004\076\004\074\004\060\004\075\004\064\004\113\000\040\000l\000s\000\040\000-\000l}{chapter.4}% 73
\BOOKMARK [1][-]{section.4.10}{\376\377\004\021\004\060\004\067\004\076\004\062\004\060\004\117\000\040\004\074\004\060\004\075\004\070\004\077\004\103\004\073\004\117\004\106\004\070\004\117\000\040\004\101\000\040\004\104\004\060\004\071\004\073\004\060\004\074\004\070}{chapter.4}% 74
\BOOKMARK [2][-]{subsection.4.10.1}{\376\377\004\032\004\076\004\077\004\070\004\100\004\076\004\062\004\060\004\075\004\070\004\065\000\040\004\104\004\060\004\071\004\073\004\076\004\062\000\040\004\070\000\040\004\072\004\060\004\102\004\060\004\073\004\076\004\063\004\076\004\062}{section.4.10}% 75
\BOOKMARK [2][-]{subsection.4.10.2}{\376\377\004\037\004\065\004\100\004\065\004\074\004\065\004\111\004\065\004\075\004\070\004\065\000\040\004\070\000\040\004\077\004\065\004\100\004\065\004\070\004\074\004\065\004\075\004\076\004\062\004\113\004\062\004\060\004\075\004\070\004\065\000\040\004\104\004\060\004\071\004\073\004\076\004\062\000\040\004\070\000\040\004\064\004\076\004\072\004\103\004\074\004\065\004\075\004\102\004\076\004\062}{section.4.10}% 76
\BOOKMARK [2][-]{subsection.4.10.3}{\376\377\004\043\004\064\004\060\004\073\004\065\004\075\004\070\004\065\000\040\004\104\004\060\004\071\004\073\004\076\004\062\000\040\004\070\000\040\004\072\004\060\004\102\004\060\004\073\004\076\004\063\004\076\004\062}{section.4.10}% 77
\BOOKMARK [2][-]{subsection.4.10.4}{\376\377\004\040\004\065\004\064\004\060\004\072\004\102\004\070\004\100\004\076\004\062\004\060\004\075\004\070\004\065\000\040\004\102\004\065\004\072\004\101\004\102\004\076\004\062\004\113\004\105\000\040\004\104\004\060\004\071\004\073\004\076\004\062\000\040}{section.4.10}% 78
\BOOKMARK [1][-]{section.4.11}{\376\377\004\037\004\100\004\076\004\101\004\074\004\076\004\102\004\100\000\040\004\102\004\065\004\072\004\101\004\102\004\076\004\062\004\113\004\105\000\040\004\104\004\060\004\071\004\073\004\076\004\062}{chapter.4}% 79
\BOOKMARK [1][-]{section.4.12}{\376\377\004\041\004\076\004\067\004\064\004\060\004\075\004\070\004\065\000\040\004\101\004\101\004\113\004\073\004\076\004\072\000\040\004\075\004\060\000\040\004\104\004\060\004\071\004\073\004\113\000\040\004\070\000\040\004\072\004\060\004\102\004\060\004\073\004\076\004\063\004\070}{chapter.4}% 80
\BOOKMARK [1][-]{section.4.13}{\376\377\004\020\004\062\004\102\004\076\004\064\004\076\004\077\004\076\004\073\004\075\004\065\004\075\004\070\004\065\000\040\004\064\004\073\004\117\000\040\004\104\004\060\004\071\004\073\004\076\004\062\000\040\004\070\000\040\004\072\004\076\004\074\004\060\004\075\004\064}{chapter.4}% 81
\BOOKMARK [1][-]{section.4.14}{\376\377\004\037\004\065\004\100\004\065\004\072\004\073\004\116\004\107\004\065\004\075\004\070\004\065\000\040\004\102\004\065\004\100\004\074\004\070\004\075\004\060\004\073\004\076\004\062}{chapter.4}% 82
\BOOKMARK [1][-]{section.4.15}{\376\377\004\022\004\113\004\105\004\076\004\064\000\040\004\070\004\067\000\040\004\101\004\065\004\101\004\101\004\070\004\070}{chapter.4}% 83
\BOOKMARK [1][-]{section.4.16}{\376\377\004\037\004\076\004\073\004\103\004\107\004\065\004\075\004\070\004\065\000\040\004\077\004\076\004\074\004\076\004\111\004\070}{chapter.4}% 84
\BOOKMARK [2][-]{subsection.4.16.1}{\376\377\000M\000a\000n\000-\004\101\004\102\004\100\004\060\004\075\004\070\004\106\004\113}{section.4.16}% 85
\BOOKMARK [1][-]{section.4.17}{\376\377\004\022\004\113\004\072\004\073\004\116\004\107\004\065\004\075\004\070\004\065}{chapter.4}% 86
\BOOKMARK [2][-]{subsection.4.17.1}{\376\377\004\030\004\075\004\104\004\076\004\100\004\074\004\060\004\106\004\070\004\076\004\075\004\075\004\113\004\065\000\040\004\101\004\102\004\100\004\060\004\075\004\070\004\106\004\113}{section.4.17}% 87
\BOOKMARK [1][-]{section.4.18}{\376\377\004\032\004\100\004\060\004\102\004\072\004\060\004\117\000\040\004\101\004\077\004\100\004\060\004\062\004\072\004\060\000\040\004\077\004\076\000\040\004\101\004\070\004\075\004\102\004\060\004\072\004\101\004\070\004\101\004\103}{chapter.4}% 88
\BOOKMARK [1][-]{section.4.19}{\376\377\004\024\004\076\004\072\004\103\004\074\004\065\004\075\004\102\004\060\004\106\004\070\004\117\000,\000\040\004\077\004\100\004\065\004\064\004\076\004\101\004\102\004\060\004\062\004\073\004\117\004\065\004\074\004\060\004\117\000\040\004\077\004\060\004\072\004\065\004\102\004\076\004\074}{chapter.4}% 89
\BOOKMARK [1][-]{section.4.20}{\376\377\004\036\004\075\004\073\004\060\004\071\004\075\000-\004\064\004\076\004\072\004\103\004\074\004\065\004\075\004\102\004\060\004\106\004\070\004\117}{chapter.4}% 90
\BOOKMARK [1][-]{section.4.21}{\376\377\004\043\004\077\004\100\004\060\004\066\004\075\004\065\004\075\004\070\004\117}{chapter.4}% 91
\BOOKMARK [0][-]{chapter.5}{\376\377\004\044\004\060\004\071\004\073\004\076\004\062\004\060\004\117\000\040\004\101\004\070\004\101\004\102\004\065\004\074\004\060\000\040\000L\000i\000n\000u\000x}{}% 92
\BOOKMARK [1][-]{section.5.1}{\376\377\004\041\004\102\004\100\004\103\004\072\004\102\004\103\004\100\004\060}{chapter.5}% 93
\BOOKMARK [1][-]{section.5.2}{\376\377\004\034\004\076\004\075\004\102\004\070\004\100\004\076\004\062\004\060\004\075\004\070\004\065\000\040\004\104\004\060\004\071\004\073\004\076\004\062\004\113\004\105\000\040\004\101\004\070\004\101\004\102\004\065\004\074}{chapter.5}% 94
\BOOKMARK [1][-]{section.5.3}{\376\377\004\044\004\060\004\071\004\073\004\076\004\062\004\113\004\065\000\040\004\101\004\070\004\101\004\102\004\065\004\074\004\113}{chapter.5}% 95
\BOOKMARK [1][-]{section.5.4}{\376\377\004\040\004\060\004\067\004\064\004\065\004\073\004\113\000\040\004\070\000\040\004\064\004\070\004\101\004\072\004\070}{chapter.5}% 96
\BOOKMARK [1][-]{section.5.5}{\376\377\004\032\004\076\004\074\004\060\004\075\004\064\004\060\000\040\000'\000m\000o\000u\000n\000t\000'\000\040\004\070\000\040\004\104\004\060\004\071\004\073\000\040\000f\000s\000t\000a\000b}{chapter.5}% 97
\BOOKMARK [1][-]{section.5.6}{\376\377\004\040\004\060\004\067\004\074\004\065\004\111\004\065\004\075\004\070\004\065\000\040\004\100\004\060\004\067\004\064\004\065\004\073\004\060\000\040\004\077\004\076\004\064\004\072\004\060\004\107\004\072\004\070}{chapter.5}% 98
\BOOKMARK [1][-]{section.5.7}{\376\377\004\040\004\060\004\067\004\074\004\065\004\111\004\065\004\075\004\070\004\065\000\040\004\104\004\060\004\071\004\073\004\076\004\062\004\113\004\105\000\040\004\101\004\070\004\101\004\102\004\065\004\074\000\040\000L\000i\000n\000u\000x}{chapter.5}% 99
\BOOKMARK [2][-]{subsection.5.7.1}{\376\377\004\041\004\070\004\101\004\102\004\065\004\074\004\075\004\113\004\065\000\040\004\100\004\060\004\067\004\074\004\065\004\111\004\065\004\075\004\070\004\117}{section.5.7}% 100
\BOOKMARK [2][-]{subsection.5.7.2}{\376\377\004\037\004\076\004\073\004\114\004\067\004\076\004\062\004\060\004\102\004\065\004\073\004\114\004\101\004\072\004\070\004\065\000\040\004\100\004\060\004\067\004\074\004\065\004\111\004\065\004\075\004\070\004\117}{section.5.7}% 101
\BOOKMARK [2][-]{subsection.5.7.3}{\376\377\004\036\004\061\004\111\004\070\004\065\000\040\004\100\004\060\004\067\004\074\004\065\004\111\004\065\004\075\004\070\004\117}{section.5.7}% 102
\BOOKMARK [1][-]{section.5.8}{\376\377\004\041\004\077\004\065\004\106\004\070\004\060\004\073\004\114\004\075\004\113\004\065\000\040\004\104\004\060\004\071\004\073\004\076\004\062\004\113\004\065\000\040\004\101\004\070\004\101\004\102\004\065\004\074\004\113\000,\000\040\004\077\004\100\004\065\004\064\004\076\004\101\004\102\004\060\004\062\004\073\004\117\004\065\004\074\004\113\004\065\000\040\004\117\004\064\004\100\004\076\004\074}{chapter.5}% 103
\BOOKMARK [1][-]{section.5.9}{\376\377\004\032\004\076\004\100\004\075\004\065\004\062\004\060\004\117\000\040\004\104\004\060\004\071\004\073\004\076\004\062\004\060\004\117\000\040\004\101\004\070\004\101\004\102\004\065\004\074\004\060\000\040\000/}{chapter.5}% 104
\BOOKMARK [1][-]{section.5.10}{\376\377\004\036\004\061\004\073\004\060\004\101\004\102\004\114\000\040\004\077\004\100\004\076\004\070\004\067\004\062\004\076\004\073\004\114\004\075\004\113\004\105\000\040\004\064\004\060\004\075\004\075\004\113\004\105\000\040\000/\000v\000a\000r}{chapter.5}% 105
\BOOKMARK [1][-]{section.5.11}{\376\377\004\037\004\076\004\073\004\114\004\067\004\076\004\062\004\060\004\102\004\065\004\073\004\114\004\101\004\072\004\060\004\117\000\040\004\076\004\061\004\073\004\060\004\101\004\102\004\114\000\040\000/\000u\000s\000r}{chapter.5}% 106
\BOOKMARK [1][-]{section.5.12}{\376\377\004\024\004\076\004\074\004\060\004\110\004\075\004\070\004\071\000\040\004\072\004\060\004\102\004\060\004\073\004\076\004\063\000\040\000/\000h\000o\000m\000e}{chapter.5}% 107
\BOOKMARK [1][-]{section.5.13}{\376\377\004\040\004\060\004\067\004\100\004\065\004\110\004\065\004\075\004\070\004\117\000\040\004\070\000\040\004\060\004\102\004\100\004\070\004\061\004\103\004\102\004\113}{chapter.5}% 108
\BOOKMARK [1][-]{section.5.14}{\376\377\004\047\004\102\004\065\004\075\004\070\004\065\000,\000\040\004\067\004\060\004\077\004\070\004\101\004\114\000\040\004\070\000\040\004\070\004\101\004\077\004\076\004\073\004\075\004\065\004\075\004\070\004\065}{chapter.5}% 109
\BOOKMARK [1][-]{section.5.15}{\376\377\004\036\004\101\004\076\004\061\004\113\004\065\000\040\004\077\004\100\004\070\004\062\004\070\004\073\004\065\004\063\004\070\004\070}{chapter.5}% 110
\BOOKMARK [2][-]{subsection.5.15.1}{\376\377\004\030\004\067\004\074\004\065\004\075\004\065\004\075\004\070\004\065\000\040\004\077\004\100\004\070\004\062\004\070\004\073\004\065\004\063\004\070\004\071}{section.5.15}% 111
\BOOKMARK [2][-]{subsection.5.15.2}{\376\377\004\030\004\067\004\074\004\065\004\075\004\065\004\075\004\070\004\065\000\040\000\050\004\101\004\074\004\065\004\075\004\060\000\051\000\040\004\062\004\073\004\060\004\064\004\065\004\073\004\114\004\106\004\060}{section.5.15}% 112
\BOOKMARK [1][-]{section.5.16}{\376\377\004\020\004\102\004\100\004\070\004\061\004\103\004\102\004\113}{chapter.5}% 113
\BOOKMARK [2][-]{subsection.5.16.1}{\376\377\004\033\004\070\004\101\004\102\004\070\004\075\004\063\000\040\004\070\004\073\004\070\000\040\004\070\004\067\004\074\004\065\004\075\004\065\004\075\004\070\004\065\000\040\004\060\004\102\004\100\004\070\004\061\004\103\004\102\004\076\004\062}{section.5.16}% 114
\BOOKMARK [2][-]{subsection.5.16.2}{\376\377\004\055\004\073\004\065\004\074\004\065\004\075\004\102\004\113\000\040\000P\000O\000S\000I\000X\000\040\000A\000C\000L}{section.5.16}% 115
\BOOKMARK [2][-]{subsection.5.16.3}{\376\377\004\041\004\102\004\060\004\075\004\064\004\060\004\100\004\102\004\075\004\113\004\065\000\040\004\100\004\060\004\101\004\110\004\070\004\100\004\065\004\075\004\075\004\113\004\065\000\040\004\060\004\102\004\100\004\070\004\061\004\103\004\102\004\113}{section.5.16}% 116
\BOOKMARK [1][-]{section.5.17}{\376\377\004\036\004\061\004\075\004\060\004\100\004\103\004\066\004\065\004\075\004\070\004\065\000\040\004\104\004\060\004\071\004\073\004\076\004\062}{chapter.5}% 117
\BOOKMARK [2][-]{subsection.5.17.1}{\376\377\000f\000i\000n\000d}{section.5.17}% 118
\BOOKMARK [2][-]{subsection.5.17.2}{\376\377\004\040\004\065\004\063\004\103\004\073\004\117\004\100\004\075\004\113\004\065\000\040\004\077\004\060\004\102\004\102\004\065\004\100\004\075\004\113\000\040\000f\000i\000n\000d}{section.5.17}% 119
\BOOKMARK [2][-]{subsection.5.17.3}{\376\377\004\032\004\076\004\074\004\061\004\070\004\075\004\070\004\100\004\076\004\062\004\060\004\075\004\070\004\065\000\040\004\077\004\060\004\102\004\102\004\065\004\100\004\075\004\076\004\062\000\040\000f\000i\000n\000d}{section.5.17}% 120
\BOOKMARK [2][-]{subsection.5.17.4}{\376\377\004\040\004\060\004\061\004\076\004\102\004\060\000\040\004\101\000\040\004\100\004\065\004\067\004\103\004\073\004\114\004\102\004\060\004\102\004\076\004\074}{section.5.17}% 121
\BOOKMARK [1][-]{section.5.18}{\376\377\004\043\004\077\004\100\004\060\004\066\004\075\004\065\004\075\004\070\004\117}{chapter.5}% 122
\BOOKMARK [0][-]{chapter.6}{\376\377\004\040\004\060\004\061\004\076\004\102\004\060\000\040\004\101\000\040\004\077\004\100\004\076\004\106\004\065\004\101\004\101\004\060\004\074\004\070}{}% 123
\BOOKMARK [1][-]{section.6.1}{\376\377\004\022\004\067\004\060\004\070\004\074\004\076\004\076\004\102\004\075\004\076\004\110\004\065\004\075\004\070\004\117\000\040\004\100\004\076\004\064\004\070\004\102\004\065\004\073\004\117\000\040\004\070\000\040\004\077\004\076\004\102\004\076\004\074\004\072\004\060}{chapter.6}% 124
\BOOKMARK [2][-]{subsection.6.1.1}{\376\377\004\022\004\073\004\060\004\064\004\065\004\073\004\065\004\106\000\040\004\077\004\100\004\076\004\106\004\065\004\101\004\101\004\060}{section.6.1}% 125
\BOOKMARK [2][-]{subsection.6.1.2}{\376\377\004\037\004\100\004\076\004\101\004\074\004\076\004\102\004\100\000\040\004\101\004\062\004\065\004\064\004\065\004\075\004\070\004\071\000\040\004\076\000\040\004\077\004\100\004\076\004\106\004\065\004\101\004\101\004\065}{section.6.1}% 126
\BOOKMARK [2][-]{subsection.6.1.3}{\376\377\004\041\004\077\004\070\004\101\004\076\004\072\000\040\004\077\004\100\004\076\004\106\004\065\004\101\004\101\004\076\004\062}{section.6.1}% 127
\BOOKMARK [2][-]{subsection.6.1.4}{\376\377\004\041\004\062\004\065\004\064\004\065\004\075\004\070\004\117\000\040\004\076\000\040\004\077\004\100\004\076\004\106\004\065\004\101\004\101\004\065}{section.6.1}% 128
\BOOKMARK [2][-]{subsection.6.1.5}{\376\377\004\044\004\076\004\075\004\076\004\062\004\113\004\065\000\040\004\077\004\100\004\076\004\106\004\065\004\101\004\101\004\113}{section.6.1}% 129
\BOOKMARK [2][-]{subsection.6.1.6}{\376\377\004\037\004\076\004\062\004\065\004\064\004\065\004\075\004\070\004\065\000\040\004\077\004\100\004\076\004\106\004\065\004\101\004\101\004\060}{section.6.1}% 130
\BOOKMARK [2][-]{subsection.6.1.7}{\376\377\004\032\004\076\004\074\004\060\004\075\004\064\004\060\000\040\004\062\004\076\004\067\004\062\004\100\004\060\004\102\004\060\000\040\004\072\004\076\004\064\004\060}{section.6.1}% 131
\BOOKMARK [2][-]{subsection.6.1.8}{\376\377\004\037\004\100\004\070\004\076\004\100\004\070\004\102\004\065\004\102\000\040\004\070\000\040\004\065\004\063\004\076\000\040\004\100\004\065\004\063\004\103\004\073\004\070\004\100\004\076\004\062\004\060\004\075\004\070\004\065}{section.6.1}% 132
\BOOKMARK [2][-]{subsection.6.1.9}{\376\377\004\036\004\102\004\077\004\100\004\060\004\062\004\072\004\060\000\040\004\101\004\070\004\063\004\075\004\060\004\073\004\076\004\062\000\040\000\050\000\040\004\070\000\040\004\077\004\100\004\065\004\100\004\113\004\062\004\060\004\075\004\070\004\065\000\040\000\050\004\103\004\061\004\070\004\071\004\101\004\102\004\062\004\076\000\051\000\040\004\077\004\100\004\076\004\106\004\065\004\101\004\101\004\076\004\062\000\051}{section.6.1}% 133
\BOOKMARK [1][-]{section.6.2}{\376\377\004\043\004\077\004\100\004\060\004\066\004\075\004\065\004\075\004\070\004\117}{chapter.6}% 134
\BOOKMARK [0][-]{chapter.7}{\376\377\004\035\004\060\004\101\004\102\004\100\004\076\004\071\004\072\004\060\000\040\004\117\004\064\004\100\004\060\000\040\000L\000i\000n\000u\000x}{}% 135
\BOOKMARK [1][-]{section.7.1}{\376\377\004\037\004\076\004\073\004\103\004\107\004\065\004\075\004\070\004\065\000\040\004\101\004\062\004\065\004\064\004\065\004\075\004\070\004\071\000\040\004\076\004\061\000\040\004\076\004\061\004\076\004\100\004\103\004\064\004\076\004\062\004\060\004\075\004\070\004\070}{chapter.7}% 136
\BOOKMARK [2][-]{subsection.7.1.1}{\376\377\004\027\004\075\004\060\004\072\004\076\004\074\004\101\004\102\004\062\004\076}{section.7.1}% 137
\BOOKMARK [2][-]{subsection.7.1.2}{\376\377\004\030\004\075\004\104\004\076\004\100\004\074\004\060\004\106\004\070\004\117\000\040\004\076\004\061\000\040\004\103\004\101\004\102\004\100\004\076\004\071\004\101\004\102\004\062\004\065}{section.7.1}% 138
\BOOKMARK [1][-]{section.7.2}{\376\377\004\032\004\076\004\075\004\104\004\070\004\063\004\103\004\100\004\070\004\100\004\076\004\062\004\060\004\075\004\070\004\065\000\040\004\117\004\064\004\100\004\060\000\040\000L\000i\000n\000u\000x}{chapter.7}% 139
\BOOKMARK [2][-]{subsection.7.2.1}{\376\377\004\034\004\076\004\064\004\103\004\073\004\070\000\040\004\117\004\064\004\100\004\060}{section.7.2}% 140
\BOOKMARK [2][-]{subsection.7.2.2}{\376\377\004\040\004\060\004\061\004\076\004\102\004\060\000\040\004\101\000\040\004\074\004\076\004\064\004\103\004\073\004\117\004\074\004\070}{section.7.2}% 141
\BOOKMARK [2][-]{subsection.7.2.3}{\376\377\004\027\004\060\004\063\004\100\004\103\004\067\004\072\004\060\000\040\004\074\004\076\004\064\004\103\004\073\004\065\004\071}{section.7.2}% 142
\BOOKMARK [2][-]{subsection.7.2.4}{\376\377\004\030\004\101\004\077\004\076\004\073\004\114\004\067\004\076\004\062\004\060\004\075\004\070\004\065\000\040\004\101\004\106\004\065\004\075\004\060\004\100\004\070\004\117\000\040\000G\000e\000n\000k\000e\000r\000n\000e\000l\000\040\004\062\000\040\000G\000e\000n\000t\000o\000o}{section.7.2}% 143
\BOOKMARK [2][-]{subsection.7.2.5}{\376\377\004\040\004\103\004\107\004\075\004\076\004\065\000\040\004\072\004\076\004\075\004\104\004\070\004\063\004\103\004\100\004\070\004\100\004\076\004\062\004\060\004\075\004\070\004\065\000\040\004\117\004\064\004\100\004\060}{section.7.2}% 144
\BOOKMARK [2][-]{subsection.7.2.6}{\376\377\004\027\004\060\004\063\004\100\004\103\004\067\004\072\004\060\000\040\004\103\004\102\004\070\004\073\004\070\004\102\004\113\000\040\004\075\004\060\004\101\004\102\004\100\004\076\004\071\004\072\004\070\000\040\004\117\004\064\004\100\004\060}{section.7.2}% 145
\BOOKMARK [2][-]{subsection.7.2.7}{\376\377\004\037\004\100\004\070\004\074\004\065\004\107\004\060\004\075\004\070\004\065}{section.7.2}% 146
\BOOKMARK [2][-]{subsection.7.2.8}{\376\377\004\040\004\065\004\072\004\076\004\074\004\065\004\075\004\064\004\103\004\065\004\074\004\113\004\065\000\040\004\072\004\076\004\075\004\104\004\070\004\063\004\103\004\100\004\060\004\106\004\070\004\070\000\040\004\117\004\064\004\100\004\060\000\040\000L\000i\000n\000u\000x}{section.7.2}% 147
\BOOKMARK [2][-]{subsection.7.2.9}{\376\377\004\036\004\061\004\111\004\070\004\065\000\040\004\103\004\101\004\102\004\060\004\075\004\076\004\062\004\072\004\070}{section.7.2}% 148
\BOOKMARK [2][-]{subsection.7.2.10}{\376\377\000E\000n\000a\000b\000l\000e\000\040\000L\000o\000a\000d\000a\000b\000l\000e\000\040\000M\000o\000d\000u\000l\000e\000\040\000S\000u\000p\000p\000o\000r\000t\000\040\000/\000\040\004\022\004\072\004\073\004\116\004\107\004\065\004\075\004\070\004\065\000\040\004\077\004\076\004\064\004\064\004\065\004\100\004\066\004\072\004\070\000\040\004\067\004\060\004\063\004\100\004\103\004\066\004\060\004\065\004\074\004\113\004\105\000\040\004\074\004\076\004\064\004\103\004\073\004\065\004\071}{section.7.2}% 149
\BOOKMARK [2][-]{subsection.7.2.11}{\376\377\000E\000n\000a\000b\000l\000e\000\040\000t\000h\000e\000\040\000B\000l\000o\000c\000k\000\040\000L\000a\000y\000e\000r\000\040\000/\000\040\004\022\004\072\004\073\004\116\004\107\004\065\004\075\004\070\004\065\000\040\004\061\004\073\004\076\004\107\004\075\004\076\004\063\004\076\000\040\004\103\004\100\004\076\004\062\004\075\004\117}{section.7.2}% 150
\BOOKMARK [2][-]{subsection.7.2.12}{\376\377\000P\000r\000o\000c\000e\000s\000s\000o\000r\000\040\000T\000y\000p\000e\000\040\000a\000n\000d\000\040\000F\000e\000a\000t\000u\000r\000e\000s\000\040\000/\000\040\004\022\004\070\004\064\004\113\000\040\004\070\000\040\004\076\004\101\004\076\004\061\004\065\004\075\004\075\004\076\004\101\004\102\004\070\000\040\004\077\004\100\004\076\004\106\004\065\004\101\004\101\004\076\004\100\004\076\004\062}{section.7.2}% 151
\BOOKMARK [2][-]{subsection.7.2.13}{\376\377\000P\000o\000w\000e\000r\000\040\000M\000a\000n\000a\000g\000e\000m\000e\000n\000t\000\040\000a\000n\000d\000\040\000A\000C\000P\000I\000\040\000O\000p\000t\000i\000o\000n\000s\000\040\000\050\004\043\004\077\004\100\004\060\004\062\004\073\004\065\004\075\004\070\004\065\000\040\004\077\004\070\004\102\004\060\004\075\004\070\004\065\004\074\000\040\004\070\000\040\004\077\004\060\004\100\004\060\004\074\004\065\004\102\004\100\004\113\000\040\000A\000C\000P\000I\000\051}{section.7.2}% 152
\BOOKMARK [2][-]{subsection.7.2.14}{\376\377\004\037\004\060\004\100\004\060\004\074\004\065\004\102\004\100\004\113\000\040\004\110\004\070\004\075\004\113\000\040\000\050\000P\000C\000I\000\040\004\070\000\040\004\102\000.\000\040\004\064\000.\000\051}{section.7.2}% 153
\BOOKMARK [2][-]{subsection.7.2.15}{\376\377\004\044\004\076\004\100\004\074\004\060\004\102\004\113\000\040\004\070\004\101\004\077\004\076\004\073\004\075\004\117\004\065\004\074\004\113\004\105\000\040\004\104\004\060\004\071\004\073\004\076\004\062\000/\004\055\004\074\004\103\004\073\004\117\004\106\004\070\004\070}{section.7.2}% 154
\BOOKMARK [2][-]{subsection.7.2.16}{\376\377\004\041\004\065\004\102\004\070}{section.7.2}% 155
\BOOKMARK [2][-]{subsection.7.2.17}{\376\377\004\024\004\100\004\060\004\071\004\062\004\065\004\100\004\113\000\040\004\103\004\101\004\102\004\100\004\076\004\071\004\101\004\102\004\062}{section.7.2}% 156
\BOOKMARK [2][-]{subsection.7.2.18}{\376\377\004\037\004\076\004\064\004\064\004\065\004\100\004\066\004\072\004\060\000\040\000S\000C\000S\000I\000-\004\103\004\101\004\102\004\100\004\076\004\071\004\101\004\102\004\062}{section.7.2}% 157
\BOOKMARK [2][-]{subsection.7.2.19}{\376\377\004\024\004\100\004\060\004\071\004\062\004\065\004\100\004\113\000\040\000S\000e\000r\000i\000a\000l\000\040\000A\000T\000A\000\040\000a\000n\000d\000\040\000P\000a\000r\000a\000l\000l\000e\000l\000\040\000A\000T\000A}{section.7.2}% 158
\BOOKMARK [2][-]{subsection.7.2.20}{\376\377\004\037\004\076\004\064\004\064\004\065\004\100\004\066\004\072\004\060\000\040\004\101\004\065\004\102\004\065\004\062\004\113\004\105\000\040\004\103\004\101\004\102\004\100\004\076\004\071\004\101\004\102\004\062}{section.7.2}% 159
\BOOKMARK [2][-]{subsection.7.2.21}{\376\377\004\037\004\076\004\064\004\064\004\065\004\100\004\066\004\072\004\060\000\040\004\103\004\101\004\102\004\100\004\076\004\071\004\101\004\102\004\062\000\040\004\062\004\062\004\076\004\064\004\060}{section.7.2}% 160
\BOOKMARK [2][-]{subsection.7.2.22}{\376\377\004\041\004\070\004\074\004\062\004\076\004\073\004\114\004\075\004\113\004\065\000\040\004\103\004\101\004\102\004\100\004\076\004\071\004\101\004\102\004\062\004\060}{section.7.2}% 161
\BOOKMARK [2][-]{subsection.7.2.23}{\376\377\000G\000r\000a\000p\000h\000i\000c\000s\000\040\000s\000u\000p\000p\000o\000r\000t\000\040\000\050\004\037\004\076\004\064\004\064\004\065\004\100\004\066\004\072\004\060\000\040\004\063\004\100\004\060\004\104\004\070\004\072\004\070\000\051}{section.7.2}% 162
\BOOKMARK [2][-]{subsection.7.2.24}{\376\377\040\042\000\040\000D\000i\000r\000e\000c\000t\000\040\000R\000e\000n\000d\000e\000r\000i\000n\000g\000\040\000M\000a\000n\000a\000g\000e\000r\000\040\000\050\000X\000F\000r\000e\000e\0008\0006\000\040\0004\000.\0001\000.\0000\000\040\000a\000n\000d\000\040\000h\000i\000g\000e\000r\000\040\000D\000R\000I\000\040\000s\000u\000p\000p\000o\000r\000t\000\051\000\040\000\050\004\034\004\065\004\075\004\065\004\064\004\066\004\065\004\100\000\040\004\077\004\100\004\117\004\074\004\076\004\063\004\076\000\040\004\062\004\113\004\062\004\076\004\064\004\060\000\040\004\070\004\067\004\076\004\061\004\100\004\060\004\066\004\065\004\075\004\070\004\117\000\040\004\101\000\040\004\077\004\076\004\064\004\064\004\065\004\100\004\066\004\072\004\076\004\071\000\040\000D\000R\000I\000\040\000X\000F\000r\000e\000e\000\040\0004\000.\0000\000.\0001\000\040\004\070\000\040\004\062\004\113\004\110\004\065\000\051}{section.7.2}% 163
\BOOKMARK [2][-]{subsection.7.2.25}{\376\377\000H\000I\000D\000\040\000D\000e\000v\000i\000c\000e\000s\000\040\000\050\004\043\004\101\004\102\004\100\004\076\004\071\004\101\004\102\004\062\004\060\000\040\000H\000I\000D\000\051}{section.7.2}% 164
\BOOKMARK [2][-]{subsection.7.2.26}{\376\377\000U\000S\000B\000\040\000s\000u\000p\000p\000o\000r\000t\000\040\000\050\004\077\004\076\004\064\004\064\004\065\004\100\004\066\004\072\004\060\000\040\004\103\004\101\004\102\004\100\004\076\004\071\004\101\004\102\004\062\000\040\000U\000S\000B\000\051}{section.7.2}% 165
\BOOKMARK [2][-]{subsection.7.2.27}{\376\377\000M\000M\000C\000/\000S\000D\000\040\000c\000a\000r\000d\000\040\000s\000u\000p\000p\000o\000r\000t\000\040\000\050\004\077\004\076\004\064\004\064\004\065\004\100\004\066\004\072\004\060\000\040\004\072\004\060\004\100\004\102\000\040\000M\000M\000C\000/\000S\000D\000\051}{section.7.2}% 166
\BOOKMARK [2][-]{subsection.7.2.28}{\376\377\000F\000i\000l\000e\000\040\000S\000y\000s\000t\000e\000m\000s\000\040\000\050\004\044\004\060\004\071\004\073\004\076\004\062\004\113\004\065\000\040\004\101\004\070\004\101\004\102\004\065\004\074\004\113\000\051}{section.7.2}% 167
\BOOKMARK [2][-]{subsection.7.2.29}{\376\377\004\032\004\100\004\070\004\077\004\102\004\076\004\063\004\100\004\060\004\104\004\070\004\107\004\065\004\101\004\072\004\070\004\071\000\040\000A\000P\000I}{section.7.2}% 168
\BOOKMARK [1][-]{section.7.3}{\376\377\004\041\004\061\004\076\004\100\004\072\004\060\000\040\004\117\004\064\004\100\004\060\000\040\000L\000i\000n\000u\000x}{chapter.7}% 169
\BOOKMARK [1][-]{section.7.4}{\376\377\004\037\004\065\004\100\004\065\004\101\004\061\004\076\004\100\004\072\004\060\000\040\004\117\004\064\004\100\004\060}{chapter.7}% 170
\BOOKMARK [2][-]{subsection.7.4.1}{\376\377\004\037\004\065\004\100\004\062\004\070\004\107\004\075\004\060\004\117\000\040\004\104\004\060\004\071\004\073\004\076\004\062\004\060\004\117\000\040\004\101\004\070\004\101\004\102\004\065\004\074\004\060\000\040\004\064\004\073\004\117\000\040\004\076\004\077\004\065\004\100\004\060\004\102\004\070\004\062\004\075\004\076\004\071\000\040\004\077\004\060\004\074\004\117\004\102\004\070\000\040\000\050\000i\000n\000i\000t\000r\000a\000m\000f\000s\000\051}{section.7.4}% 171
\BOOKMARK [2][-]{subsection.7.4.2}{\376\377\004\035\004\060\004\101\004\102\004\100\004\076\004\071\004\072\004\060\000\040\004\067\004\060\004\063\004\100\004\103\004\067\004\107\004\070\004\072\004\060}{section.7.4}% 172
\BOOKMARK [1][-]{section.7.5}{\376\377\004\043\004\101\004\102\004\100\004\060\004\075\004\065\004\075\004\070\004\065\000\040\004\101\004\061\004\076\004\065\004\062\000\040\004\067\004\060\004\063\004\100\004\103\004\067\004\072\004\070}{chapter.7}% 173
\BOOKMARK [2][-]{subsection.7.5.1}{\376\377\004\032\004\076\004\063\004\064\004\060\000\040\004\101\004\070\004\101\004\102\004\065\004\074\004\060\000\040\004\076\004\102\004\072\004\060\004\067\004\113\004\062\004\060\004\065\004\102\004\101\004\117\000\040\004\067\004\060\004\063\004\100\004\103\004\066\004\060\004\102\004\114\004\101\004\117\000.\000.\000.}{section.7.5}% 174
\BOOKMARK [2][-]{subsection.7.5.2}{\376\377\004\037\004\060\004\100\004\060\004\074\004\065\004\102\004\100\004\113\000\040\004\117\004\064\004\100\004\060}{section.7.5}% 175
\BOOKMARK [1][-]{section.7.6}{\376\377\000"\004\026\004\070\004\062\004\060\004\117\000"\004\101\004\100\004\065\004\064\004\060\000\040\004\062\004\076\004\101\004\101\004\102\004\060\004\075\004\076\004\062\004\073\004\065\004\075\004\070\004\117\000\040\000L\000i\000n\000u\000x}{chapter.7}% 176
\BOOKMARK [1][-]{section.7.7}{\376\377\004\036\004\110\004\070\004\061\004\072\004\070\000\040\004\067\004\060\004\063\004\100\004\103\004\067\004\072\004\070\000\040\004\117\004\064\004\100\004\060}{chapter.7}% 177
\BOOKMARK [2][-]{subsection.7.7.1}{\376\377\004\037\004\100\004\076\004\061\004\073\004\065\004\074\004\113\000\040\004\101\000\040\000A\000C\000P\000I}{section.7.7}% 178
\BOOKMARK [2][-]{subsection.7.7.2}{\376\377\004\035\004\065\004\062\004\076\004\067\004\074\004\076\004\066\004\075\004\076\004\101\004\102\004\114\000\040\004\077\004\100\004\070\004\074\004\076\004\075\004\102\004\070\004\100\004\076\004\062\004\060\004\102\004\114\000\040\004\072\004\076\004\100\004\075\004\065\004\062\004\103\004\116\000\040\004\104\004\060\004\071\004\073\004\076\004\062\004\103\004\116\000\040\004\101\004\070\004\101\004\102\004\065\004\074\004\103}{section.7.7}% 179
\BOOKMARK [2][-]{subsection.7.7.3}{\376\377\004\036\004\110\004\070\004\061\004\072\004\070\000\040\004\077\004\100\004\070\000\040\004\067\004\060\004\063\004\100\004\103\004\067\004\072\004\065\000\040\004\101\004\070\004\101\004\102\004\065\004\074\004\113}{section.7.7}% 180
\BOOKMARK [1][-]{section.7.8}{\376\377\004\043\004\077\004\100\004\060\004\066\004\075\004\065\004\075\004\070\004\117}{chapter.7}% 181
\BOOKMARK [0][-]{chapter.8}{\376\377\004\037\004\076\004\064\004\064\004\065\004\100\004\066\004\072\004\060\000\040\004\076\004\061\004\076\004\100\004\103\004\064\004\076\004\062\004\060\004\075\004\070\004\117}{}% 182
\BOOKMARK [1][-]{section.8.1}{\376\377\000A\000L\000S\000A\000\040\000-\000\040\004\037\004\100\004\076\004\064\004\062\004\070\004\075\004\103\004\102\004\060\004\117\000\040\004\067\004\062\004\103\004\072\004\076\004\062\004\060\004\117\000\040\004\060\004\100\004\105\004\070\004\102\004\065\004\072\004\102\004\103\004\100\004\060\000\040\000L\000i\000n\000u\000x}{chapter.8}% 183
\BOOKMARK [2][-]{subsection.8.1.1}{\376\377\004\043\004\101\004\102\004\060\004\075\004\076\004\062\004\072\004\060\000\040\000A\000L\000S\000A}{section.8.1}% 184
\BOOKMARK [2][-]{subsection.8.1.2}{\376\377\004\036\004\101\004\075\004\076\004\062\004\075\004\060\004\117\000\040\004\072\004\076\004\075\004\104\004\070\004\063\004\103\004\100\004\060\004\106\004\070\004\117\000\040\000A\000L\000S\000A}{section.8.1}% 185
\BOOKMARK [2][-]{subsection.8.1.3}{\376\377\004\041\004\076\004\105\004\100\004\060\004\075\004\070\004\102\004\065\000\040\004\070\004\067\004\074\004\065\004\075\004\065\004\075\004\070\004\117}{section.8.1}% 186
\BOOKMARK [2][-]{subsection.8.1.4}{\376\377\004\030\004\101\004\077\004\076\004\073\004\114\004\067\004\076\004\062\004\060\004\075\004\070\004\065\000\040\004\067\004\062\004\103\004\072\004\076\004\062\004\076\004\063\004\076\000\040\004\101\004\065\004\100\004\062\004\065\004\100\004\060}{section.8.1}% 187
\BOOKMARK [2][-]{subsection.8.1.5}{\376\377\000C\000U\000P\000S\000\040\000-\000\040\004\100\004\060\004\075\004\065\004\065\000\040\004\036\004\061\004\111\004\060\004\117\000\040\004\101\004\070\004\101\004\102\004\065\004\074\004\060\000\040\004\077\004\065\004\107\004\060\004\102\004\070\000\040\000U\000n\000i\000x}{section.8.1}% 188
\BOOKMARK [2][-]{subsection.8.1.6}{\376\377\004\043\004\101\004\102\004\060\004\075\004\076\004\062\004\072\004\060\000\040\000C\000U\000P\000S}{section.8.1}% 189
\BOOKMARK [2][-]{subsection.8.1.7}{\376\377\004\035\004\060\004\101\004\102\004\100\004\076\004\071\004\072\004\060\000\040\000C\000U\000P\000S}{section.8.1}% 190
\BOOKMARK [2][-]{subsection.8.1.8}{\376\377\004\043\004\077\004\100\004\060\004\062\004\073\004\065\004\075\004\070\004\065\000\040\004\104\004\060\004\071\004\073\004\060\004\074\004\070\000\040\004\103\004\101\004\102\004\100\004\076\004\071\004\101\004\102\004\062}{section.8.1}% 191
\BOOKMARK [0][-]{chapter.9}{\376\377\004\043\004\077\004\100\004\060\004\062\004\073\004\065\004\075\004\070\004\065\000\040\004\077\004\100\004\076\004\063\004\100\004\060\004\074\004\074\004\075\004\113\004\074\000\040\004\076\004\061\004\065\004\101\004\077\004\065\004\107\004\065\004\075\004\070\004\065\004\074}{}% 192
\BOOKMARK [1][-]{subsection.9.0.1}{\376\377\004\022\004\062\004\065\004\064\004\065\004\075\004\070\004\065}{chapter.9}% 193
\BOOKMARK [2][-]{subsection.9.0.2}{\376\377\004\043\004\077\004\100\004\060\004\062\004\073\004\065\004\075\004\070\004\065\000\040\004\077\004\060\004\072\004\065\004\102\004\060\004\074\004\070\000:\000\040\000P\000o\000r\000t\000a\000g\000e}{subsection.9.0.1}% 194
\BOOKMARK [2][-]{subsection.9.0.3}{\376\377\004\041\004\102\004\100\004\103\004\072\004\102\004\103\004\100\004\060\000\040\004\077\004\060\004\072\004\065\004\102\004\076\004\062\000:\000\040\004\025\004\061\004\070\004\073\004\064\004\113}{subsection.9.0.1}% 195
\BOOKMARK [2][-]{subsection.9.0.4}{\376\377\000U\000S\000E\000-\004\104\004\073\004\060\004\063\004\070}{subsection.9.0.1}% 196
\BOOKMARK [2][-]{subsection.9.0.5}{\376\377\004\036\004\061\004\101\004\073\004\103\004\066\004\070\004\062\004\060\004\075\004\070\004\065\000\040\004\077\004\100\004\076\004\063\004\100\004\060\004\074\004\074\004\075\004\076\004\063\004\076\000\040\004\101\004\102\004\065\004\072\004\060}{subsection.9.0.1}% 197
\BOOKMARK [2][-]{subsection.9.0.6}{\376\377\004\037\004\076\004\073\004\103\004\107\004\065\004\075\004\070\004\065\000\040\004\077\004\076\004\101\004\073\004\065\004\064\004\075\004\065\004\063\004\076\000\040\004\064\004\065\004\100\004\065\004\062\004\060\000\040\000P\000o\000r\000t\000a\000g\000e}{subsection.9.0.1}% 198
\BOOKMARK [2][-]{subsection.9.0.7}{\376\377\004\037\004\076\004\073\004\103\004\107\004\065\004\075\004\070\004\065\000\040\004\075\004\076\004\062\004\076\004\101\004\102\004\065\004\071\000\040\000G\000e\000n\000t\000o\000o}{subsection.9.0.1}% 199
\BOOKMARK [2][-]{subsection.9.0.8}{\376\377\004\027\004\060\004\077\004\100\004\076\004\101\004\113\000\040\004\075\004\060\000\040\004\077\004\100\004\076\004\063\004\100\004\060\004\074\004\074\004\075\004\076\004\065\000\040\004\076\004\061\004\065\004\101\004\077\004\065\004\107\004\065\004\075\004\070\004\065}{subsection.9.0.1}% 200
\BOOKMARK [2][-]{subsection.9.0.9}{\376\377\004\037\004\076\004\070\004\101\004\072\000\040\004\077\004\100\004\076\004\063\004\100\004\060\004\074\004\074\000\040\004\101\000\040\004\077\004\076\004\074\004\076\004\111\004\114\004\116\000\040\000e\000m\000e\000r\000g\000e}{subsection.9.0.1}% 201
\BOOKMARK [2][-]{subsection.9.0.10}{\376\377\004\037\004\076\004\070\004\101\004\072\000\040\004\077\004\100\004\076\004\063\004\100\004\060\004\074\004\074\000\040\004\101\000\040\004\077\004\076\004\074\004\076\004\111\004\114\004\116\000\040\000e\000i\000x}{subsection.9.0.1}% 202
\BOOKMARK [2][-]{subsection.9.0.11}{\376\377\004\022\004\072\004\073\004\116\004\107\004\065\004\075\004\070\004\065\000\040\004\066\004\103\004\100\004\075\004\060\004\073\004\076\004\062\000\040\004\103\004\101\004\102\004\060\004\075\004\076\004\062\004\072\004\070}{subsection.9.0.1}% 203
\BOOKMARK [2][-]{subsection.9.0.12}{\376\377\004\043\004\101\004\102\004\060\004\075\004\076\004\062\004\072\004\060\000\040\004\075\004\076\004\062\004\113\004\105\000\040\004\077\004\100\004\076\004\063\004\100\004\060\004\074\004\074}{subsection.9.0.1}% 204
\BOOKMARK [2][-]{subsection.9.0.13}{\376\377\004\036\004\061\004\075\004\076\004\062\004\073\004\065\004\075\004\070\004\065\000\040\004\101\004\070\004\101\004\102\004\065\004\074\004\113}{subsection.9.0.1}% 205
\BOOKMARK [2][-]{subsection.9.0.14}{\376\377\004\037\004\065\004\100\004\065\004\072\004\073\004\116\004\107\004\065\004\075\004\070\004\065\000\040\004\074\004\065\004\066\004\064\004\103\000\040\004\062\004\065\004\100\004\101\004\070\004\117\004\074\004\070\000\040\004\077\004\100\004\076\004\063\004\100\004\060\004\074\004\074}{subsection.9.0.1}% 206
\BOOKMARK [2][-]{subsection.9.0.15}{\376\377\004\024\004\065\004\070\004\075\004\101\004\102\004\060\004\073\004\073\004\117\004\106\004\070\004\117\000\040\004\077\004\100\004\076\004\063\004\100\004\060\004\074\004\074}{subsection.9.0.1}% 207
\BOOKMARK [2][-]{subsection.9.0.16}{\376\377\004\037\004\100\004\076\004\064\004\062\004\070\004\075\004\103\004\102\004\076\004\065\000\040\004\103\004\077\004\100\004\060\004\062\004\073\004\065\004\075\004\070\004\065\000\040\004\077\004\100\004\076\004\063\004\100\004\060\004\074\004\074\004\060\004\074\004\070}{subsection.9.0.1}% 208
\BOOKMARK [2][-]{subsection.9.0.17}{\376\377\004\037\004\065\004\100\004\065\004\072\004\073\004\116\004\107\004\065\004\075\004\070\004\065\000\040\004\101\004\070\004\101\004\102\004\065\004\074\004\075\004\113\004\105\000\040\004\077\004\100\004\076\004\104\004\070\004\073\004\065\004\071}{subsection.9.0.1}% 209
\BOOKMARK [2][-]{subsection.9.0.18}{\376\377\004\030\004\101\004\077\004\076\004\073\004\114\004\067\004\076\004\062\004\060\004\075\004\070\004\065\000\040\004\100\004\065\004\077\004\076\004\067\004\070\004\102\004\076\004\100\004\070\004\065\004\062\000\040\004\077\004\100\004\076\004\063\004\100\004\060\004\074\004\074\000\040\004\076\004\102\000\040\004\102\004\100\004\065\004\102\004\114\004\070\004\105\000\040\004\101\004\102\004\076\004\100\004\076\004\075}{subsection.9.0.1}% 210
\BOOKMARK [2][-]{subsection.9.0.19}{\376\377\004\032\004\076\004\063\004\064\004\060\000\040\004\107\004\102\004\076\000-\004\102\004\076\000\040\004\077\004\076\004\110\004\073\004\076\000\040\004\075\004\065\000\040\004\102\004\060\004\072}{subsection.9.0.1}% 211
\BOOKMARK [2][-]{subsection.9.0.20}{\376\377\004\043\004\101\004\102\004\100\004\060\004\075\004\065\004\075\004\070\004\065\000\040\004\076\004\110\004\070\004\061\004\076\004\072\000\040\004\101\004\061\004\076\004\100\004\072\004\070}{subsection.9.0.1}% 212
\BOOKMARK [2][-]{subsection.9.0.21}{\376\377\004\030\004\067\004\074\004\065\004\075\004\065\004\075\004\070\004\065\000\040\004\072\004\076\004\075\004\104\004\070\004\063\004\103\004\100\004\060\004\106\004\070\004\076\004\075\004\075\004\113\004\105\000\040\004\104\004\060\004\071\004\073\004\076\004\062}{subsection.9.0.1}% 213
\BOOKMARK [2][-]{subsection.9.0.22}{\376\377\004\030\004\067\004\074\004\065\004\075\004\065\004\075\004\070\004\065\000\040\004\077\004\060\004\100\004\060\004\074\004\065\004\102\004\100\004\076\004\062\000\040\004\101\004\061\004\076\004\100\004\072\004\070}{subsection.9.0.1}% 214
\BOOKMARK [2][-]{subsection.9.0.23}{\376\377\004\043\004\101\004\102\004\100\004\060\004\075\004\065\004\075\004\070\004\065\000\040\004\075\004\065\004\077\004\076\004\073\004\060\004\064\004\076\004\072\000\040\004\077\004\076\004\101\004\073\004\065\000\040\004\103\004\101\004\102\004\060\004\075\004\076\004\062\004\072\004\070}{subsection.9.0.1}% 215
\BOOKMARK [1][-]{section.9.1}{\376\377\004\043\004\077\004\100\004\060\004\066\004\075\004\065\004\075\004\070\004\117}{chapter.9}% 216
\BOOKMARK [0][-]{chapter.10}{\376\377\004\043\004\077\004\100\004\060\004\062\004\073\004\065\004\075\004\070\004\065\000\040\004\077\004\076\004\073\004\114\004\067\004\076\004\062\004\060\004\102\004\065\004\073\004\117\004\074\004\070}{}% 217
\BOOKMARK [1][-]{section.10.1}{\376\377\004\027\004\075\004\060\004\072\004\076\004\074\004\101\004\102\004\062\004\076}{chapter.10}% 218
\BOOKMARK [1][-]{section.10.2}{\376\377\004\024\004\076\004\061\004\060\004\062\004\073\004\065\004\075\004\070\004\065\000\040\004\070\004\073\004\070\000\040\004\103\004\064\004\060\004\073\004\065\004\075\004\070\004\065\000\040\004\077\004\076\004\073\004\114\004\067\004\076\004\062\004\060\004\102\004\065\004\073\004\065\004\071}{chapter.10}% 219
\BOOKMARK [2][-]{subsection.10.2.1}{\376\377\004\041\004\062\004\065\004\064\004\065\004\075\004\070\004\117\000\040\004\076\004\061\000\040\004\103\004\107\004\065\004\102\004\075\004\076\004\071\000\040\004\067\004\060\004\077\004\070\004\101\004\070\000\040\004\077\004\076\004\073\004\114\004\067\004\076\004\062\004\060\004\102\004\065\004\073\004\117}{section.10.2}% 220
\BOOKMARK [1][-]{section.10.3}{\376\377\004\101\004\062\004\065\004\064\004\065\004\075\004\070\004\117\000\040\004\076\000\040\004\063\004\100\004\103\004\077\004\077\004\065}{chapter.10}% 221
\BOOKMARK [2][-]{subsection.10.3.1}{\376\377\004\044\004\060\004\071\004\073\000\040\000/\000e\000t\000c\000/\000g\000r\000o\000u\000p}{section.10.3}% 222
\BOOKMARK [1][-]{section.10.4}{\376\377\004\041\004\076\004\067\004\064\004\060\004\075\004\070\004\065\000\040\004\070\004\073\004\070\000\040\004\103\004\064\004\060\004\073\004\065\004\075\004\070\004\065\000\040\004\077\004\076\004\073\004\114\004\067\004\076\004\062\004\060\004\102\004\065\004\073\004\065\004\071}{chapter.10}% 223
\BOOKMARK [2][-]{subsection.10.4.1}{\376\377\004\032\004\076\004\074\004\060\004\075\004\064\004\060\000\040\000u\000s\000e\000r\000a\000d\000d}{section.10.4}% 224
\BOOKMARK [2][-]{subsection.10.4.2}{\376\377\004\032\004\076\004\074\004\060\004\075\004\064\004\060\000\040\000u\000s\000e\000r\000d\000e\000l}{section.10.4}% 225
\BOOKMARK [2][-]{subsection.10.4.3}{\376\377\004\032\004\076\004\074\004\060\004\075\004\064\004\060\000\040\000u\000s\000e\000r\000m\000o\000d}{section.10.4}% 226
\BOOKMARK [1][-]{section.10.5}{\376\377\004\024\004\076\004\061\004\060\004\062\004\073\004\065\004\075\004\070\004\065\000\040\004\070\004\073\004\070\000\040\004\103\004\064\004\060\004\073\004\065\004\075\004\070\004\065\000\040\004\077\004\076\004\073\004\114\004\067\004\076\004\062\004\060\004\102\004\065\004\073\004\065\004\071\000\040\004\062\000/\004\070\004\067\000\040\004\063\004\100\004\103\004\077\004\077\004\113}{chapter.10}% 227
\BOOKMARK [2][-]{subsection.10.5.1}{\376\377\004\041\004\076\004\067\004\064\004\060\004\075\004\070\004\065\000\040\004\070\004\073\004\070\000\040\004\103\004\064\004\060\004\073\004\065\004\075\004\070\004\065\000\040\004\063\004\100\004\103\004\077\004\077\004\113}{section.10.5}% 228
\BOOKMARK [2][-]{subsection.10.5.2}{\376\377\004\043\004\077\004\100\004\060\004\062\004\073\004\065\004\075\004\070\004\065\000\040\004\107\004\073\004\065\004\075\004\101\004\102\004\062\004\076\004\074\000\040\004\062\000\040\004\063\004\100\004\103\004\077\004\077\004\065}{section.10.5}% 229
\BOOKMARK [2][-]{subsection.10.5.3}{\376\377\004\043\004\101\004\102\004\060\004\075\004\076\004\062\004\072\004\060\000\040\004\070\000\040\004\070\004\067\004\074\004\065\004\075\004\065\004\075\004\070\004\065\000\040\004\077\004\060\004\100\004\076\004\073\004\065\004\071}{section.10.5}% 230
\BOOKMARK [2][-]{subsection.10.5.4}{\376\377\004\037\004\076\004\062\004\113\004\110\004\065\004\075\004\070\004\065\000\040\004\077\004\100\004\070\004\062\004\070\004\073\004\065\004\063\004\070\004\070\004\071\000\040\004\077\004\076\004\073\004\114\004\067\004\076\004\062\004\060\004\102\004\065\004\073\004\117}{section.10.5}% 231
\BOOKMARK [2][-]{subsection.10.5.5}{\376\377\004\037\004\100\004\070\004\074\004\065\004\075\004\065\004\075\004\070\004\065\000\040\004\072\004\076\004\074\004\060\004\075\004\064\000\040\004\101\004\076\000\040\004\101\004\077\004\065\004\106\004\070\004\060\004\073\004\114\004\075\004\113\004\074\004\070\000\040\004\077\004\100\004\070\004\062\004\070\004\073\004\065\004\063\004\070\004\117\004\074\004\070}{section.10.5}% 232
\BOOKMARK [1][-]{section.10.6}{\376\377\004\043\004\077\004\100\004\060\004\066\004\075\004\065\004\075\004\070\004\117}{chapter.10}% 233
\BOOKMARK [0][-]{chapter.11}{\376\377\004\043\004\077\004\100\004\060\004\062\004\073\004\065\004\075\004\070\004\065\000\040\004\101\004\065\004\102\004\114\004\116}{}% 234
\BOOKMARK [1][-]{section.11.1}{\376\377\004\027\004\075\004\060\004\072\004\076\004\074\004\101\004\102\004\062\004\076}{chapter.11}% 235
\BOOKMARK [1][-]{section.11.2}{\376\377\004\037\004\076\004\064\004\064\004\065\004\100\004\066\004\072\004\060\000\040\004\101\004\065\004\102\004\065\004\062\004\076\004\071\000\040\004\072\004\060\004\100\004\102\004\113}{chapter.11}% 236
\BOOKMARK [2][-]{subsection.11.2.1}{\376\377\004\040\004\076\004\064\004\075\004\060\004\117\000\040\004\077\004\076\004\064\004\064\004\065\004\100\004\066\004\072\004\060\000\040\004\064\004\100\004\060\004\071\004\062\004\065\004\100\004\076\004\062}{section.11.2}% 237
\BOOKMARK [1][-]{section.11.3}{\376\377\004\037\004\076\004\064\004\064\004\065\004\100\004\066\004\072\004\060\000\040\004\077\004\076\004\101\004\100\004\065\004\064\004\101\004\102\004\062\004\076\004\074\000\040\004\064\004\100\004\060\004\071\004\062\004\065\004\100\004\076\004\062\000\040\000W\000i\000n\000d\000o\000w\000s}{chapter.11}% 238
\BOOKMARK [1][-]{section.11.4}{\376\377\004\032\004\076\004\075\004\104\004\070\004\063\004\103\004\100\004\060\004\106\004\070\004\117\000\040\004\077\004\100\004\076\004\062\004\076\004\064\004\075\004\076\004\071\000\040\004\101\004\065\004\102\004\070}{chapter.11}% 239
\BOOKMARK [2][-]{subsection.11.4.1}{\376\377\004\035\004\060\004\101\004\102\004\100\004\076\004\071\004\072\004\060\000\040\004\077\004\100\004\076\004\062\004\076\004\064\004\075\004\076\004\071\000\040\004\101\004\065\004\102\004\070}{section.11.4}% 240
\BOOKMARK [2][-]{subsection.11.4.2}{\376\377\004\035\004\060\004\101\004\102\004\100\004\076\004\071\004\072\004\060\000\040\004\061\004\065\004\101\004\077\004\100\004\076\004\062\004\076\004\064\004\075\004\076\004\071\000\040\004\101\004\065\004\102\004\070}{section.11.4}% 241
\BOOKMARK [0][-]{chapter.12}{\376\377\004\043\004\077\004\100\004\060\004\062\004\073\004\065\004\075\004\070\004\065\000\040\004\101\004\073\004\103\004\066\004\061\004\060\004\074\004\070}{}% 242
\BOOKMARK [1][-]{section.12.1}{\376\377\004\027\004\075\004\060\004\072\004\076\004\074\004\101\004\102\004\062\004\076}{chapter.12}% 243
\BOOKMARK [1][-]{section.12.2}{\376\377\004\041\004\065\004\100\004\062\004\070\004\101\004\113\000\040\004\103\004\100\004\076\004\062\004\075\004\117\000\040\004\067\004\060\004\077\004\103\004\101\004\072\004\060\000\040\004\070\000\040\004\067\004\060\004\062\004\065\004\100\004\110\004\065\004\075\004\070\004\117\000\040\004\101\004\070\004\101\004\102\004\065\004\074\004\113}{chapter.12}% 244
\BOOKMARK [1][-]{section.12.3}{\376\377\004\041\004\106\004\065\004\075\004\060\004\100\004\070\004\070\000\040\004\070\004\075\004\070\004\106\004\070\004\060\004\073\004\070\004\067\004\060\004\106\004\070\004\070}{chapter.12}% 245
\BOOKMARK [1][-]{section.12.4}{\376\377\004\043\004\100\004\076\004\062\004\075\004\070\000\040\004\067\004\060\004\077\004\103\004\101\004\072\004\060}{chapter.12}% 246
\BOOKMARK [1][-]{section.12.5}{\376\377\004\041\004\077\004\070\004\101\004\076\004\072\000\040\004\101\004\073\004\103\004\066\004\061\000\040\004\077\004\076\000\040\004\103\004\074\004\076\004\073\004\107\004\060\004\075\004\070\004\116}{chapter.12}% 247
\BOOKMARK [2][-]{subsection.12.5.1}{\376\377\000a\000l\000s\000a\000s\000o\000u\000n\000d}{section.12.5}% 248
\BOOKMARK [2][-]{subsection.12.5.2}{\376\377\000b\000o\000o\000t\000m\000i\000s\000c}{section.12.5}% 249
\BOOKMARK [2][-]{subsection.12.5.3}{\376\377\000c\000h\000e\000c\000k\000f\000s}{section.12.5}% 250
\BOOKMARK [2][-]{subsection.12.5.4}{\376\377\000c\000h\000e\000c\000k\000r\000o\000o\000t}{section.12.5}% 251
\BOOKMARK [2][-]{subsection.12.5.5}{\376\377\000c\000l\000o\000c\000k}{section.12.5}% 252
\BOOKMARK [2][-]{subsection.12.5.6}{\376\377\000c\000o\000n\000s\000o\000l\000e\000f\000o\000n\000t}{section.12.5}% 253
\BOOKMARK [2][-]{subsection.12.5.7}{\376\377\000h\000a\000l\000d}{section.12.5}% 254
\BOOKMARK [2][-]{subsection.12.5.8}{\376\377\000h\000o\000s\000t\000n\000a\000m\000e}{section.12.5}% 255
\BOOKMARK [2][-]{subsection.12.5.9}{\376\377\000k\000e\000y\000m\000a\000p\000s}{section.12.5}% 256
\BOOKMARK [2][-]{subsection.12.5.10}{\376\377\000l\000o\000c\000a\000l}{section.12.5}% 257
